<?xml version="1.0" encoding="UTF-8"?>
<!-- Generated by org.testng.reporters.JUnitReportReporter -->
<testsuite hostname="LMIPL-58" name="Tng4" tests="2" failures="0" timestamp="5 Oct 2018 12:53:28 GMT" time="0.014" errors="0">
  <testcase name="logout" time="0.002" classname="Tng4"/>
  <testcase name="login" time="0.012" classname="Tng4"/>
</testsuite> <!-- Tng4 -->
