<?xml version="1.0" encoding="UTF-8"?>
<!-- Generated by org.testng.reporters.JUnitReportReporter -->
<testsuite hostname="LMIPL-58" name="Tng5" tests="4" failures="0" timestamp="5 Oct 2018 12:46:26 GMT" time="0.014" errors="0">
  <testcase name="delEmp" time="0.002" classname="Tng5"/>
  <testcase name="logout" time="0.001" classname="Tng5"/>
  <testcase name="login" time="0.001" classname="Tng5"/>
  <testcase name="addEmp" time="0.010" classname="Tng5"/>
</testsuite> <!-- Tng5 -->
