<?xml version="1.0" encoding="UTF-8"?>
<!-- Generated by org.testng.reporters.JUnitReportReporter -->
<testsuite hostname="LMIPL-58" name="Robot_Ex2" tests="1" failures="0" timestamp="16 Oct 2018 11:30:47 GMT" time="42.915" errors="0">
  <testcase name="testTestScenario1" time="42.915" classname="Robot_Ex2"/>
</testsuite> <!-- Robot_Ex2 -->
