<?xml version="1.0" encoding="UTF-8"?>
<!-- Generated by org.testng.reporters.JUnitReportReporter -->
<testsuite hostname="LMIPL-58" name="AutoitEx" tests="1" failures="0" timestamp="16 Oct 2018 11:21:07 GMT" time="0.830" errors="0">
  <testcase name="TestScenario1" time="0.830" classname="AutoitEx"/>
</testsuite> <!-- AutoitEx -->
