<?xml version="1.0" encoding="UTF-8"?>
<!-- Generated by org.testng.reporters.JUnitReportReporter -->
<testsuite hostname="LMIPL-58" name="WebDriverTestng" tests="1" failures="0" timestamp="5 Oct 2018 13:04:14 GMT" time="26.423" errors="0">
  <testcase name="login" time="26.423" classname="WebDriverTestng"/>
</testsuite> <!-- WebDriverTestng -->
