<?xml version="1.0" encoding="UTF-8"?>
<!-- Generated by org.testng.reporters.JUnitReportReporter -->
<testsuite hostname="LMIPL-58" name="Tng7" tests="4" failures="0" timestamp="5 Oct 2018 12:52:53 GMT" time="0.015" errors="0">
  <testcase name="addEmp" time="0.002" classname="Tng7"/>
  <testcase name="logout" time="0.001" classname="Tng7"/>
  <testcase name="delEmp" time="0.001" classname="Tng7"/>
  <testcase name="login" time="0.011" classname="Tng7"/>
</testsuite> <!-- Tng7 -->
