<?xml version="1.0" encoding="UTF-8"?>
<!-- Generated by org.testng.reporters.JUnitReportReporter -->
<testsuite hostname="LMIPL-58" name="Tng1" tests="1" failures="0" timestamp="5 Oct 2018 12:31:37 GMT" time="0.032" errors="0">
  <testcase name="login" time="0.032" classname="Tng1"/>
</testsuite> <!-- Tng1 -->
