<?xml version="1.0" encoding="UTF-8"?>
<!-- Generated by org.testng.reporters.JUnitReportReporter -->
<testsuite hostname="LMIPL-58" name="WebdriverExcel" tests="1" failures="0" timestamp="5 Oct 2018 13:15:41 GMT" time="34.129" errors="0">
  <testcase name="login" time="34.129" classname="WebdriverExcel"/>
</testsuite> <!-- WebdriverExcel -->
